d:\upc\ciclo 2024-1\fundamentos de teoria de juegos\fundateoriadejuegos-ta01-ta02\motor\x64\debug\vc143.pdb
d:\upc\ciclo 2024-1\fundamentos de teoria de juegos\fundateoriadejuegos-ta01-ta02\motor\x64\debug\vc143.idb
d:\upc\ciclo 2024-1\fundamentos de teoria de juegos\fundateoriadejuegos-ta01-ta02\motor\x64\debug\window.obj
d:\upc\ciclo 2024-1\fundamentos de teoria de juegos\fundateoriadejuegos-ta01-ta02\motor\x64\debug\texturecache.obj
d:\upc\ciclo 2024-1\fundamentos de teoria de juegos\fundateoriadejuegos-ta01-ta02\motor\x64\debug\sprite.obj
d:\upc\ciclo 2024-1\fundamentos de teoria de juegos\fundateoriadejuegos-ta01-ta02\motor\x64\debug\resourcemanager.obj
d:\upc\ciclo 2024-1\fundamentos de teoria de juegos\fundateoriadejuegos-ta01-ta02\motor\x64\debug\picopng.obj
d:\upc\ciclo 2024-1\fundamentos de teoria de juegos\fundateoriadejuegos-ta01-ta02\motor\x64\debug\main.obj
d:\upc\ciclo 2024-1\fundamentos de teoria de juegos\fundateoriadejuegos-ta01-ta02\motor\x64\debug\maingame.obj
d:\upc\ciclo 2024-1\fundamentos de teoria de juegos\fundateoriadejuegos-ta01-ta02\motor\x64\debug\iomanager.obj
d:\upc\ciclo 2024-1\fundamentos de teoria de juegos\fundateoriadejuegos-ta01-ta02\motor\x64\debug\inputmanager.obj
d:\upc\ciclo 2024-1\fundamentos de teoria de juegos\fundateoriadejuegos-ta01-ta02\motor\x64\debug\imageloader.obj
d:\upc\ciclo 2024-1\fundamentos de teoria de juegos\fundateoriadejuegos-ta01-ta02\motor\x64\debug\gltexture.obj
d:\upc\ciclo 2024-1\fundamentos de teoria de juegos\fundateoriadejuegos-ta01-ta02\motor\x64\debug\gls_program.obj
d:\upc\ciclo 2024-1\fundamentos de teoria de juegos\fundateoriadejuegos-ta01-ta02\motor\x64\debug\error.obj
d:\upc\ciclo 2024-1\fundamentos de teoria de juegos\fundateoriadejuegos-ta01-ta02\motor\x64\debug\camera2d.obj
d:\upc\ciclo 2024-1\fundamentos de teoria de juegos\fundateoriadejuegos-ta01-ta02\x64\debug\motor.exe
d:\upc\ciclo 2024-1\fundamentos de teoria de juegos\fundateoriadejuegos-ta01-ta02\x64\debug\motor.pdb
d:\upc\ciclo 2024-1\fundamentos de teoria de juegos\fundateoriadejuegos-ta01-ta02\motor\x64\debug\motor.ilk
d:\upc\ciclo 2024-1\fundamentos de teoria de juegos\fundateoriadejuegos-ta01-ta02\motor\x64\debug\motor.tlog\cl.command.1.tlog
d:\upc\ciclo 2024-1\fundamentos de teoria de juegos\fundateoriadejuegos-ta01-ta02\motor\x64\debug\motor.tlog\cl.items.tlog
d:\upc\ciclo 2024-1\fundamentos de teoria de juegos\fundateoriadejuegos-ta01-ta02\motor\x64\debug\motor.tlog\cl.read.1.tlog
d:\upc\ciclo 2024-1\fundamentos de teoria de juegos\fundateoriadejuegos-ta01-ta02\motor\x64\debug\motor.tlog\cl.write.1.tlog
d:\upc\ciclo 2024-1\fundamentos de teoria de juegos\fundateoriadejuegos-ta01-ta02\motor\x64\debug\motor.tlog\link.command.1.tlog
d:\upc\ciclo 2024-1\fundamentos de teoria de juegos\fundateoriadejuegos-ta01-ta02\motor\x64\debug\motor.tlog\link.read.1.tlog
d:\upc\ciclo 2024-1\fundamentos de teoria de juegos\fundateoriadejuegos-ta01-ta02\motor\x64\debug\motor.tlog\link.secondary.1.tlog
d:\upc\ciclo 2024-1\fundamentos de teoria de juegos\fundateoriadejuegos-ta01-ta02\motor\x64\debug\motor.tlog\link.write.1.tlog
